2025-11-26 16:31:57 error: [Service] Error occurred on callAndSaveAudio: TypeError: Invalid URL
    at new URL (node:internal/url:806:29)
    at dispatchHttpRequest (C:\Users\Nero.Hsu\Side-project\harmony-maker\node_modules\axios\dist\node\axios.cjs:3108:20)
    at C:\Users\Nero.Hsu\Side-project\harmony-maker\node_modules\axios\dist\node\axios.cjs:2949:5
    at new Promise (<anonymous>)
    at wrapAsync (C:\Users\Nero.Hsu\Side-project\harmony-maker\node_modules\axios\dist\node\axios.cjs:2929:10)
    at http (C:\Users\Nero.Hsu\Side-project\harmony-maker\node_modules\axios\dist\node\axios.cjs:3014:10)
    at Axios.dispatchRequest (C:\Users\Nero.Hsu\Side-project\harmony-maker\node_modules\axios\dist\node\axios.cjs:4571:10)
    at Axios._request (C:\Users\Nero.Hsu\Side-project\harmony-maker\node_modules\axios\dist\node\axios.cjs:4869:33)
    at Axios.request (C:\Users\Nero.Hsu\Side-project\harmony-maker\node_modules\axios\dist\node\axios.cjs:4726:25)
    at Axios.<computed> [as get] (C:\Users\Nero.Hsu\Side-project\harmony-maker\node_modules\axios\dist\node\axios.cjs:4895:17)
    at Axios.request (C:\Users\Nero.Hsu\Side-project\harmony-maker\node_modules\axios\dist\node\axios.cjs:4731:41)
    at process.processTicksAndRejections (node:internal/process/task_queues:95:5)
    at async callAndSaveAudio (C:\Users\Nero.Hsu\Side-project\harmony-maker\src\services\line-service.js:24:17)
    at async C:\Users\Nero.Hsu\Side-project\harmony-maker\src\controllers\lineController.js:16:9
2025-11-26 16:34:32 error: [Service] Error occurred on callAndSaveAudio: TypeError: Invalid URL
    at new URL (node:internal/url:806:29)
    at dispatchHttpRequest (C:\Users\Nero.Hsu\Side-project\harmony-maker\node_modules\axios\dist\node\axios.cjs:3108:20)
    at C:\Users\Nero.Hsu\Side-project\harmony-maker\node_modules\axios\dist\node\axios.cjs:2949:5
    at new Promise (<anonymous>)
    at wrapAsync (C:\Users\Nero.Hsu\Side-project\harmony-maker\node_modules\axios\dist\node\axios.cjs:2929:10)
    at http (C:\Users\Nero.Hsu\Side-project\harmony-maker\node_modules\axios\dist\node\axios.cjs:3014:10)
    at Axios.dispatchRequest (C:\Users\Nero.Hsu\Side-project\harmony-maker\node_modules\axios\dist\node\axios.cjs:4571:10)
    at Axios._request (C:\Users\Nero.Hsu\Side-project\harmony-maker\node_modules\axios\dist\node\axios.cjs:4869:33)
    at Axios.request (C:\Users\Nero.Hsu\Side-project\harmony-maker\node_modules\axios\dist\node\axios.cjs:4726:25)
    at Axios.<computed> [as get] (C:\Users\Nero.Hsu\Side-project\harmony-maker\node_modules\axios\dist\node\axios.cjs:4895:17)
    at Axios.request (C:\Users\Nero.Hsu\Side-project\harmony-maker\node_modules\axios\dist\node\axios.cjs:4731:41)
    at process.processTicksAndRejections (node:internal/process/task_queues:95:5)
    at async callAndSaveAudio (C:\Users\Nero.Hsu\Side-project\harmony-maker\src\services\line-service.js:25:17)
    at async C:\Users\Nero.Hsu\Side-project\harmony-maker\src\controllers\lineController.js:16:9
